# JRE version: Java(TM) SE Runtime Environment (7.0_71-b14) (build 1.7.0_71-b14)
# Java VM: Java HotSpot(TM) 64-Bit Server VM (24.71-b01 mixed mode linux-amd64 compressed oops)
Heap
 PSYoungGen      total 70144K, used 10804K [0x00000000f5500000, 0x00000000fef80000, 0x0000000100000000)
  eden space 62976K, 17% used [0x00000000f5500000,0x00000000f5f8d098,0x00000000f9280000)
  from space 7168K, 0% used [0x00000000f9280000,0x00000000f9280000,0x00000000f9980000)
  to   space 47616K, 0% used [0x00000000fc100000,0x00000000fc100000,0x00000000fef80000)
 ParOldGen       total 136704K, used 80447K [0x00000000e0000000, 0x00000000e8580000, 0x00000000f5500000)
  object space 136704K, 58% used [0x00000000e0000000,0x00000000e4e8fc50,0x00000000e8580000)
 PSPermGen       total 164864K, used 104086K [0x00000000d0000000, 0x00000000da100000, 0x00000000e0000000)
  object space 164864K, 63% used [0x00000000d0000000,0x00000000d65a5b60,0x00000000da100000)
GC Heap History (10 events):
Event: 420.677 GC heap before
{Heap before GC invocations=34 (full 4):
 PSYoungGen      total 115200K, used 61627K [0x00000000f5500000, 0x00000000ffc00000, 0x0000000100000000)
  eden space 59904K, 100% used [0x00000000f5500000,0x00000000f8f80000,0x00000000f8f80000)
  from space 55296K, 3% used [0x00000000f8f80000,0x00000000f912ec78,0x00000000fc580000)
  to   space 54784K, 0% used [0x00000000fc680000,0x00000000fc680000,0x00000000ffc00000)
 ParOldGen       total 136704K, used 86710K [0x00000000e0000000, 0x00000000e8580000, 0x00000000f5500000)
  object space 136704K, 63% used [0x00000000e0000000,0x00000000e54adb40,0x00000000e8580000)
 PSPermGen       total 163328K, used 103858K [0x00000000d0000000, 0x00000000d9f80000, 0x00000000e0000000)
  object space 163328K, 63% used [0x00000000d0000000,0x00000000d656c918,0x00000000d9f80000)
Event: 420.693 GC heap after
Heap after GC invocations=34 (full 4):
 PSYoungGen      total 113152K, used 5303K [0x00000000f5500000, 0x00000000ff900000, 0x0000000100000000)
  eden space 61440K, 0% used [0x00000000f5500000,0x00000000f5500000,0x00000000f9100000)
  from space 51712K, 10% used [0x00000000fc680000,0x00000000fcbadc50,0x00000000ff900000)
  to   space 53248K, 0% used [0x00000000f9100000,0x00000000f9100000,0x00000000fc500000)
 ParOldGen       total 136704K, used 86710K [0x00000000e0000000, 0x00000000e8580000, 0x00000000f5500000)
  object space 136704K, 63% used [0x00000000e0000000,0x00000000e54adb40,0x00000000e8580000)
 PSPermGen       total 163328K, used 103858K [0x00000000d0000000, 0x00000000d9f80000, 0x00000000e0000000)
  object space 163328K, 63% used [0x00000000d0000000,0x00000000d656c918,0x00000000d9f80000)
}
Event: 432.656 GC heap before
{Heap before GC invocations=35 (full 4):
 PSYoungGen      total 113152K, used 66743K [0x00000000f5500000, 0x00000000ff900000, 0x0000000100000000)
  eden space 61440K, 100% used [0x00000000f5500000,0x00000000f9100000,0x00000000f9100000)
  from space 51712K, 10% used [0x00000000fc680000,0x00000000fcbadc50,0x00000000ff900000)
  to   space 53248K, 0% used [0x00000000f9100000,0x00000000f9100000,0x00000000fc500000)
 ParOldGen       total 136704K, used 86710K [0x00000000e0000000, 0x00000000e8580000, 0x00000000f5500000)
  object space 136704K, 63% used [0x00000000e0000000,0x00000000e54adb40,0x00000000e8580000)
 PSPermGen       total 163328K, used 104144K [0x00000000d0000000, 0x00000000d9f80000, 0x00000000e0000000)
  object space 163328K, 63% used [0x00000000d0000000,0x00000000d65b4140,0x00000000d9f80000)
Event: 432.669 GC heap after
Heap after GC invocations=35 (full 4):
 PSYoungGen      total 114688K, used 4818K [0x00000000f5500000, 0x00000000ff780000, 0x0000000100000000)
  eden space 61440K, 0% used [0x00000000f5500000,0x00000000f5500000,0x00000000f9100000)
  from space 53248K, 9% used [0x00000000f9100000,0x00000000f95b49c8,0x00000000fc500000)
  to   space 51712K, 0% used [0x00000000fc500000,0x00000000fc500000,0x00000000ff780000)
 ParOldGen       total 136704K, used 86710K [0x00000000e0000000, 0x00000000e8580000, 0x00000000f5500000)
  object space 136704K, 63% used [0x00000000e0000000,0x00000000e54adb40,0x00000000e8580000)
 PSPermGen       total 163328K, used 104144K [0x00000000d0000000, 0x00000000d9f80000, 0x00000000e0000000)
  object space 163328K, 63% used [0x00000000d0000000,0x00000000d65b4140,0x00000000d9f80000)
}
Event: 438.444 GC heap before
{Heap before GC invocations=36 (full 4):
 PSYoungGen      total 114688K, used 65794K [0x00000000f5500000, 0x00000000ff780000, 0x0000000100000000)
  eden space 61440K, 99% used [0x00000000f5500000,0x00000000f908bf30,0x00000000f9100000)
  from space 53248K, 9% used [0x00000000f9100000,0x00000000f95b49c8,0x00000000fc500000)
  to   space 51712K, 0% used [0x00000000fc500000,0x00000000fc500000,0x00000000ff780000)
 ParOldGen       total 136704K, used 86710K [0x00000000e0000000, 0x00000000e8580000, 0x00000000f5500000)
  object space 136704K, 63% used [0x00000000e0000000,0x00000000e54adb40,0x00000000e8580000)
 PSPermGen       total 163328K, used 104225K [0x00000000d0000000, 0x00000000d9f80000, 0x00000000e0000000)
  object space 163328K, 63% used [0x00000000d0000000,0x00000000d65c85b0,0x00000000d9f80000)
Event: 438.459 GC heap after
Heap after GC invocations=36 (full 4):
 PSYoungGen      total 110592K, used 6035K [0x00000000f5500000, 0x00000000ff380000, 0x0000000100000000)
  eden space 62976K, 0% used [0x00000000f5500000,0x00000000f5500000,0x00000000f9280000)
  from space 47616K, 12% used [0x00000000fc500000,0x00000000fcae4e50,0x00000000ff380000)
  to   space 49664K, 0% used [0x00000000f9280000,0x00000000f9280000,0x00000000fc300000)
 ParOldGen       total 136704K, used 86710K [0x00000000e0000000, 0x00000000e8580000, 0x00000000f5500000)
  object space 136704K, 63% used [0x00000000e0000000,0x00000000e54adb40,0x00000000e8580000)
 PSPermGen       total 163328K, used 104225K [0x00000000d0000000, 0x00000000d9f80000, 0x00000000e0000000)
  object space 163328K, 63% used [0x00000000d0000000,0x00000000d65c85b0,0x00000000d9f80000)
}
Event: 451.912 GC heap before
{Heap before GC invocations=37 (full 4):
 PSYoungGen      total 110592K, used 16730K [0x00000000f5500000, 0x00000000ff380000, 0x0000000100000000)
  eden space 62976K, 16% used [0x00000000f5500000,0x00000000f5f71a98,0x00000000f9280000)
  from space 47616K, 12% used [0x00000000fc500000,0x00000000fcae4e50,0x00000000ff380000)
  to   space 49664K, 0% used [0x00000000f9280000,0x00000000f9280000,0x00000000fc300000)
 ParOldGen       total 136704K, used 86710K [0x00000000e0000000, 0x00000000e8580000, 0x00000000f5500000)
  object space 136704K, 63% used [0x00000000e0000000,0x00000000e54adb40,0x00000000e8580000)
 PSPermGen       total 163328K, used 104232K [0x00000000d0000000, 0x00000000d9f80000, 0x00000000e0000000)
  object space 163328K, 63% used [0x00000000d0000000,0x00000000d65ca318,0x00000000d9f80000)
Event: 451.926 GC heap after
Heap after GC invocations=37 (full 4):
 PSYoungGen      total 70144K, used 6736K [0x00000000f5500000, 0x00000000fef80000, 0x0000000100000000)
  eden space 62976K, 0% used [0x00000000f5500000,0x00000000f5500000,0x00000000f9280000)
  from space 7168K, 93% used [0x00000000f9280000,0x00000000f9914240,0x00000000f9980000)
  to   space 47616K, 0% used [0x00000000fc100000,0x00000000fc100000,0x00000000fef80000)
 ParOldGen       total 136704K, used 86710K [0x00000000e0000000, 0x00000000e8580000, 0x00000000f5500000)
  object space 136704K, 63% used [0x00000000e0000000,0x00000000e54adb40,0x00000000e8580000)
 PSPermGen       total 163328K, used 104232K [0x00000000d0000000, 0x00000000d9f80000, 0x00000000e0000000)
  object space 163328K, 63% used [0x00000000d0000000,0x00000000d65ca318,0x00000000d9f80000)
}
Event: 451.926 GC heap before
{Heap before GC invocations=38 (full 5):
 PSYoungGen      total 70144K, used 6736K [0x00000000f5500000, 0x00000000fef80000, 0x0000000100000000)
  eden space 62976K, 0% used [0x00000000f5500000,0x00000000f5500000,0x00000000f9280000)
  from space 7168K, 93% used [0x00000000f9280000,0x00000000f9914240,0x00000000f9980000)
  to   space 47616K, 0% used [0x00000000fc100000,0x00000000fc100000,0x00000000fef80000)
 ParOldGen       total 136704K, used 86710K [0x00000000e0000000, 0x00000000e8580000, 0x00000000f5500000)
  object space 136704K, 63% used [0x00000000e0000000,0x00000000e54adb40,0x00000000e8580000)
 PSPermGen       total 163328K, used 104232K [0x00000000d0000000, 0x00000000d9f80000, 0x00000000e0000000)
  object space 163328K, 63% used [0x00000000d0000000,0x00000000d65ca318,0x00000000d9f80000)
Event: 452.459 GC heap after
Heap after GC invocations=38 (full 5):
 PSYoungGen      total 70144K, used 0K [0x00000000f5500000, 0x00000000fef80000, 0x0000000100000000)
  eden space 62976K, 0% used [0x00000000f5500000,0x00000000f5500000,0x00000000f9280000)
  from space 7168K, 0% used [0x00000000f9280000,0x00000000f9280000,0x00000000f9980000)
  to   space 47616K, 0% used [0x00000000fc100000,0x00000000fc100000,0x00000000fef80000)
 ParOldGen       total 136704K, used 80447K [0x00000000e0000000, 0x00000000e8580000, 0x00000000f5500000)
  object space 136704K, 58% used [0x00000000e0000000,0x00000000e4e8fc50,0x00000000e8580000)
 PSPermGen       total 164864K, used 104080K [0x00000000d0000000, 0x00000000da100000, 0x00000000e0000000)
  object space 164864K, 63% used [0x00000000d0000000,0x00000000d65a4000,0x00000000da100000)
}

